<?xml version="1.0" encoding="UTF-8"?>
<testng-results ignored="0" total="2" passed="2" failed="0" skipped="0">
  <reporter-output>
  </reporter-output>
  <suite started-at="2022-05-04T17:15:16 IST" name="SampleSuite" finished-at="2022-05-04T17:15:25 IST" duration-ms="8906">
    <groups>
    </groups>
    <test started-at="2022-05-04T17:15:16 IST" name="Test" finished-at="2022-05-04T17:15:25 IST" duration-ms="8906">
      <class name="com.test.Try.Testclass4">
        <test-method signature="getUrl()[pri:0, instance:com.test.Try.Testclass4@74751b3]" started-at="2022-05-04T17:15:21 IST" name="getUrl" finished-at="2022-05-04T17:15:25 IST" duration-ms="4017" status="PASS">
          <reporter-output>
          </reporter-output>
        </test-method> <!-- getUrl -->
      </class> <!-- com.test.Try.Testclass4 -->
      <class name="com.test.Try.Testclass3">
        <test-method signature="getUrl()[pri:0, instance:com.test.Try.Testclass3@a530d0a]" started-at="2022-05-04T17:15:16 IST" name="getUrl" finished-at="2022-05-04T17:15:21 IST" duration-ms="4858" status="PASS">
          <reporter-output>
          </reporter-output>
        </test-method> <!-- getUrl -->
      </class> <!-- com.test.Try.Testclass3 -->
    </test> <!-- Test -->
  </suite> <!-- SampleSuite -->
</testng-results>
